{"/Users/akhenry/Code/openmct-configurator/src/api/api.ts": {"path":"/Users/akhenry/Code/openmct-configurator/src/api/api.ts","statementMap":{"0":{"start":{"line":1,"column":0},"end":{"line":1,"column":55}},"1":{"start":{"line":8,"column":8},"end":{"line":13,"column":9}},"2":{"start":{"line":10,"column":16},"end":{"line":10,"column":44}},"3":{"start":{"line":12,"column":16},"end":{"line":12,"column":60}},"4":{"start":{"line":3,"column":0},"end":{"line":3,"column":21}}},"fnMap":{"0":{"name":"(anonymous_1)","decl":{"start":{"line":4,"column":4},"end":{"line":4,"column":null}},"loc":{"start":{"line":4,"column":4},"end":{"line":6,"column":5}}},"1":{"name":"(anonymous_2)","decl":{"start":{"line":7,"column":4},"end":{"line":7,"column":10}},"loc":{"start":{"line":7,"column":41},"end":{"line":14,"column":5}}}},"branchMap":{"0":{"loc":{"start":{"line":8,"column":8},"end":{"line":13,"column":9}},"type":"switch","locations":[{"start":{"line":9,"column":12},"end":{"line":10,"column":44}},{"start":{"line":11,"column":12},"end":{"line":12,"column":60}}]}},"s":{"0":0,"1":0,"2":0,"3":0,"4":0},"f":{"0":0,"1":0},"b":{"0":[0,0]}}
,"/Users/akhenry/Code/openmct-configurator/src/api/commands/Command.ts": {"path":"/Users/akhenry/Code/openmct-configurator/src/api/commands/Command.ts","statementMap":{"0":{"start":{"line":3,"column":26},"end":{"line":3,"column":42}},"1":{"start":{"line":4,"column":8},"end":{"line":6,"column":9}},"2":{"start":{"line":5,"column":12},"end":{"line":5,"column":53}},"3":{"start":{"line":7,"column":8},"end":{"line":7,"column":80}},"4":{"start":{"line":1,"column":0},"end":{"line":1,"column":21}}},"fnMap":{"0":{"name":"(anonymous_0)","decl":{"start":{"line":2,"column":4},"end":{"line":2,"column":11}},"loc":{"start":{"line":2,"column":40},"end":{"line":8,"column":5}}}},"branchMap":{"0":{"loc":{"start":{"line":4,"column":8},"end":{"line":6,"column":9}},"type":"if","locations":[{"start":{"line":4,"column":8},"end":{"line":6,"column":9}},{"start":{},"end":{}}]}},"s":{"0":0,"1":0,"2":0,"3":0,"4":0},"f":{"0":0},"b":{"0":[0,0]}}
,"/Users/akhenry/Code/openmct-configurator/src/api/commands/PluginsCommand.ts": {"path":"/Users/akhenry/Code/openmct-configurator/src/api/commands/PluginsCommand.ts","statementMap":{"0":{"start":{"line":1,"column":0},"end":{"line":1,"column":32}},"1":{"start":{"line":5,"column":8},"end":{"line":5,"column":39}},"2":{"start":{"line":8,"column":8},"end":{"line":8,"column":89}},"3":{"start":{"line":3,"column":0},"end":{"line":3,"column":21}}},"fnMap":{"0":{"name":"(anonymous_1)","decl":{"start":{"line":4,"column":4},"end":{"line":4,"column":10}},"loc":{"start":{"line":4,"column":15},"end":{"line":6,"column":5}}},"1":{"name":"(anonymous_2)","decl":{"start":{"line":7,"column":4},"end":{"line":7,"column":10}},"loc":{"start":{"line":7,"column":40},"end":{"line":9,"column":5}}}},"branchMap":{},"s":{"0":0,"1":0,"2":0,"3":0},"f":{"0":0,"1":0},"b":{}}
,"/Users/akhenry/Code/openmct-configurator/src/html/IndexFileCreator.ts": {"path":"/Users/akhenry/Code/openmct-configurator/src/html/IndexFileCreator.ts","statementMap":{"0":{"start":{"line":2,"column":0},"end":{"line":2,"column":25}},"1":{"start":{"line":3,"column":0},"end":{"line":3,"column":29}},"2":{"start":{"line":4,"column":0},"end":{"line":4,"column":30}},"3":{"start":{"line":7,"column":4},"end":{"line":7,"column":41}},"4":{"start":{"line":10,"column":8},"end":{"line":10,"column":44}},"5":{"start":{"line":45,"column":25},"end":{"line":45,"column":85}},"6":{"start":{"line":46,"column":20},"end":{"line":46,"column":39}},"7":{"start":{"line":47,"column":25},"end":{"line":47,"column":44}},"8":{"start":{"line":48,"column":8},"end":{"line":48,"column":null}},"9":{"start":{"line":49,"column":8},"end":{"line":49,"column":null}},"10":{"start":{"line":50,"column":8},"end":{"line":50,"column":67}},"11":{"start":{"line":52,"column":8},"end":{"line":52,"column":24}},"12":{"start":{"line":12,"column":23},"end":{"line":43,"column":null}},"13":{"start":{"line":13,"column":30},"end":{"line":13,"column":62}},"14":{"start":{"line":14,"column":8},"end":{"line":14,"column":67}},"15":{"start":{"line":15,"column":8},"end":{"line":15,"column":29}},"16":{"start":{"line":18,"column":40},"end":{"line":18,"column":94}},"17":{"start":{"line":24,"column":8},"end":{"line":27,"column":11}},"18":{"start":{"line":25,"column":28},"end":{"line":25,"column":47}},"19":{"start":{"line":26,"column":12},"end":{"line":26,"column":141}},"20":{"start":{"line":28,"column":38},"end":{"line":28,"column":81}},"21":{"start":{"line":30,"column":30},"end":{"line":30,"column":62}},"22":{"start":{"line":31,"column":8},"end":{"line":31,"column":58}},"23":{"start":{"line":33,"column":8},"end":{"line":33,"column":29}},"24":{"start":{"line":36,"column":30},"end":{"line":36,"column":62}},"25":{"start":{"line":37,"column":8},"end":{"line":41,"column":13}},"26":{"start":{"line":42,"column":8},"end":{"line":42,"column":29}},"27":{"start":{"line":6,"column":21},"end":{"line":6,"column":null}}},"fnMap":{"0":{"name":"(anonymous_11)","decl":{"start":{"line":9,"column":4},"end":{"line":9,"column":16}},"loc":{"start":{"line":9,"column":51},"end":{"line":11,"column":5}}},"1":{"name":"(anonymous_12)","decl":{"start":{"line":44,"column":4},"end":{"line":44,"column":20}},"loc":{"start":{"line":44,"column":20},"end":{"line":53,"column":5}}},"2":{"name":"_IndexFileCreator_buildIncludeBlock","decl":{"start":{"line":12,"column":23},"end":{"line":12,"column":41}},"loc":{"start":{"line":12,"column":41},"end":{"line":16,"column":5}}},"3":{"name":"_IndexFileCreator_buildPluginInstallBlock","decl":{"start":{"line":16,"column":5},"end":{"line":16,"column":null}},"loc":{"start":{"line":17,"column":47},"end":{"line":34,"column":5}}},"4":{"name":"(anonymous_15)","decl":{"start":{"line":24,"column":49},"end":{"line":24,"column":55}},"loc":{"start":{"line":24,"column":58},"end":{"line":27,"column":9}}},"5":{"name":"_IndexFileCreator_buildStartBlock","decl":{"start":{"line":34,"column":5},"end":{"line":34,"column":null}},"loc":{"start":{"line":35,"column":39},"end":{"line":43,"column":5}}}},"branchMap":{"0":{"loc":{"start":{"line":26,"column":95},"end":{"line":26,"column":133}},"type":"cond-expr","locations":[{"start":{"line":26,"column":105},"end":{"line":26,"column":128}},{"start":{"line":26,"column":131},"end":{"line":26,"column":133}}]}},"s":{"0":1,"1":1,"2":1,"3":2,"4":2,"5":2,"6":2,"7":2,"8":2,"9":2,"10":2,"11":2,"12":1,"13":2,"14":2,"15":2,"16":2,"17":2,"18":20,"19":20,"20":2,"21":2,"22":2,"23":2,"24":2,"25":2,"26":2,"27":1},"f":{"0":2,"1":2,"2":2,"3":2,"4":20,"5":2},"b":{"0":[8,12]}}
,"/Users/akhenry/Code/openmct-configurator/src/openmct/OpenMctConfiguration.ts": {"path":"/Users/akhenry/Code/openmct-configurator/src/openmct/OpenMctConfiguration.ts","statementMap":{"0":{"start":{"line":1,"column":0},"end":{"line":1,"column":44}},"1":{"start":{"line":5,"column":4},"end":{"line":5,"column":47}},"2":{"start":{"line":7,"column":8},"end":{"line":7,"column":44}},"3":{"start":{"line":10,"column":8},"end":{"line":10,"column":154}},"4":{"start":{"line":10,"column":115},"end":{"line":10,"column":152}},"5":{"start":{"line":4,"column":21},"end":{"line":4,"column":null}}},"fnMap":{"0":{"name":"(anonymous_3)","decl":{"start":{"line":6,"column":4},"end":{"line":6,"column":16}},"loc":{"start":{"line":6,"column":57},"end":{"line":8,"column":5}}},"1":{"name":"(anonymous_4)","decl":{"start":{"line":9,"column":4},"end":{"line":9,"column":14}},"loc":{"start":{"line":9,"column":14},"end":{"line":11,"column":5}}},"2":{"name":"(anonymous_5)","decl":{"start":{"line":10,"column":71},"end":{"line":10,"column":72}},"loc":{"start":{"line":10,"column":115},"end":{"line":10,"column":152}}}},"branchMap":{},"s":{"0":2,"1":3,"2":3,"3":2,"4":20,"5":2},"f":{"0":3,"1":2,"2":20},"b":{}}
,"/Users/akhenry/Code/openmct-configurator/src/openmct/OpenMctPlugin.ts": {"path":"/Users/akhenry/Code/openmct-configurator/src/openmct/OpenMctPlugin.ts","statementMap":{"0":{"start":{"line":4,"column":4},"end":{"line":4,"column":30}},"1":{"start":{"line":5,"column":4},"end":{"line":5,"column":33}},"2":{"start":{"line":8,"column":8},"end":{"line":8,"column":47}},"3":{"start":{"line":9,"column":8},"end":{"line":9,"column":50}},"4":{"start":{"line":13,"column":8},"end":{"line":13,"column":41}},"5":{"start":{"line":17,"column":8},"end":{"line":17,"column":49}},"6":{"start":{"line":3,"column":21},"end":{"line":3,"column":null}}},"fnMap":{"0":{"name":"(anonymous_2)","decl":{"start":{"line":7,"column":4},"end":{"line":7,"column":16}},"loc":{"start":{"line":7,"column":60},"end":{"line":10,"column":5}}},"1":{"name":"(anonymous_3)","decl":{"start":{"line":12,"column":4},"end":{"line":12,"column":26}},"loc":{"start":{"line":12,"column":26},"end":{"line":14,"column":5}}},"2":{"name":"(anonymous_4)","decl":{"start":{"line":16,"column":4},"end":{"line":16,"column":14}},"loc":{"start":{"line":16,"column":14},"end":{"line":18,"column":5}}}},"branchMap":{},"s":{"0":20,"1":20,"2":20,"3":20,"4":20,"5":20,"6":2},"f":{"0":20,"1":20,"2":20},"b":{}}
,"/Users/akhenry/Code/openmct-configurator/src/yaml/MctYamlConfigurator.ts": {"path":"/Users/akhenry/Code/openmct-configurator/src/yaml/MctYamlConfigurator.ts","statementMap":{"0":{"start":{"line":1,"column":0},"end":{"line":1,"column":67}},"1":{"start":{"line":2,"column":0},"end":{"line":2,"column":35}},"2":{"start":{"line":3,"column":0},"end":{"line":3,"column":56}},"3":{"start":{"line":5,"column":0},"end":{"line":5,"column":29}},"4":{"start":{"line":6,"column":0},"end":{"line":6,"column":25}},"5":{"start":{"line":7,"column":0},"end":{"line":7,"column":33}},"6":{"start":{"line":9,"column":24},"end":{"line":9,"column":81}},"7":{"start":{"line":10,"column":29},"end":{"line":10,"column":70}},"8":{"start":{"line":13,"column":4},"end":{"line":13,"column":24}},"9":{"start":{"line":14,"column":4},"end":{"line":14,"column":26}},"10":{"start":{"line":15,"column":4},"end":{"line":15,"column":60}},"11":{"start":{"line":18,"column":27},"end":{"line":18,"column":68}},"12":{"start":{"line":19,"column":8},"end":{"line":19,"column":50}},"13":{"start":{"line":20,"column":8},"end":{"line":20,"column":42}},"14":{"start":{"line":24,"column":18},"end":{"line":24,"column":50}},"15":{"start":{"line":25,"column":8},"end":{"line":25,"column":48}},"16":{"start":{"line":27,"column":8},"end":{"line":27,"column":67}},"17":{"start":{"line":29,"column":8},"end":{"line":29,"column":42}},"18":{"start":{"line":32,"column":26},"end":{"line":65,"column":null}},"19":{"start":{"line":33,"column":18},"end":{"line":33,"column":66}},"20":{"start":{"line":35,"column":23},"end":{"line":35,"column":70}},"21":{"start":{"line":36,"column":8},"end":{"line":41,"column":9}},"22":{"start":{"line":37,"column":34},"end":{"line":39,"column":24}},"23":{"start":{"line":38,"column":16},"end":{"line":38,"column":50}},"24":{"start":{"line":40,"column":12},"end":{"line":40,"column":78}},"25":{"start":{"line":43,"column":8},"end":{"line":43,"column":100}},"26":{"start":{"line":45,"column":8},"end":{"line":45,"column":19}},"27":{"start":{"line":49,"column":8},"end":{"line":57,"column":28}},"28":{"start":{"line":50,"column":12},"end":{"line":55,"column":13}},"29":{"start":{"line":51,"column":16},"end":{"line":51,"column":39}},"30":{"start":{"line":53,"column":35},"end":{"line":53,"column":57}},"31":{"start":{"line":54,"column":16},"end":{"line":54,"column":59}},"32":{"start":{"line":56,"column":12},"end":{"line":56,"column":29}},"33":{"start":{"line":61,"column":31},"end":{"line":61,"column":77}},"34":{"start":{"line":62,"column":30},"end":{"line":62,"column":72}},"35":{"start":{"line":64,"column":8},"end":{"line":64,"column":41}},"36":{"start":{"line":12,"column":21},"end":{"line":12,"column":null}}},"fnMap":{"0":{"name":"(anonymous_12)","decl":{"start":{"line":17,"column":4},"end":{"line":17,"column":null}},"loc":{"start":{"line":17,"column":4},"end":{"line":21,"column":5}}},"1":{"name":"(anonymous_13)","decl":{"start":{"line":23,"column":4},"end":{"line":23,"column":16}},"loc":{"start":{"line":23,"column":29},"end":{"line":30,"column":5}}},"2":{"name":"_MctYamlConfigurator_loadAndNormalizeYaml","decl":{"start":{"line":32,"column":26},"end":{"line":32,"column":38}},"loc":{"start":{"line":32,"column":38},"end":{"line":46,"column":5}}},"3":{"name":"(anonymous_15)","decl":{"start":{"line":37,"column":52},"end":{"line":37,"column":55}},"loc":{"start":{"line":38,"column":16},"end":{"line":38,"column":50}}},"4":{"name":"_MctYamlConfigurator_normalizePlugins","decl":{"start":{"line":46,"column":5},"end":{"line":46,"column":null}},"loc":{"start":{"line":48,"column":53},"end":{"line":58,"column":5}}},"5":{"name":"(anonymous_17)","decl":{"start":{"line":49,"column":30},"end":{"line":49,"column":31}},"loc":{"start":{"line":49,"column":83},"end":{"line":57,"column":9}}},"6":{"name":"_MctYamlConfigurator_applyBaseConfiguration","decl":{"start":{"line":58,"column":5},"end":{"line":58,"column":null}},"loc":{"start":{"line":60,"column":59},"end":{"line":65,"column":5}}}},"branchMap":{"0":{"loc":{"start":{"line":36,"column":8},"end":{"line":41,"column":9}},"type":"if","locations":[{"start":{"line":36,"column":8},"end":{"line":41,"column":9}},{"start":{},"end":{}}]},"1":{"loc":{"start":{"line":50,"column":12},"end":{"line":55,"column":13}},"type":"if","locations":[{"start":{"line":50,"column":12},"end":{"line":55,"column":13}},{"start":{"line":52,"column":19},"end":{"line":55,"column":13}}]}},"s":{"0":2,"1":2,"2":2,"3":2,"4":2,"5":2,"6":2,"7":2,"8":5,"9":5,"10":5,"11":5,"12":5,"13":5,"14":5,"15":3,"16":3,"17":3,"18":2,"19":8,"20":7,"21":7,"22":1,"23":1,"24":1,"25":6,"26":6,"27":6,"28":30,"29":18,"30":12,"31":12,"32":30,"33":3,"34":3,"35":3,"36":2},"f":{"0":5,"1":5,"2":8,"3":1,"4":6,"5":30,"6":3},"b":{"0":[1,6],"1":[18,12]}}
}
