TN:
SF:src/api/api.ts
FN:4,(anonymous_1)
FN:7,(anonymous_2)
FNF:2
FNH:0
FNDA:0,(anonymous_1)
FNDA:0,(anonymous_2)
DA:1,0
DA:3,0
DA:8,0
DA:10,0
DA:12,0
LF:5
LH:0
BRDA:8,0,0,0
BRDA:8,0,1,0
BRF:2
BRH:0
end_of_record
TN:
SF:src/api/commands/Command.ts
FN:2,(anonymous_0)
FNF:1
FNH:0
FNDA:0,(anonymous_0)
DA:1,0
DA:3,0
DA:4,0
DA:5,0
DA:7,0
LF:5
LH:0
BRDA:4,0,0,0
BRDA:4,0,1,0
BRF:2
BRH:0
end_of_record
TN:
SF:src/api/commands/PluginsCommand.ts
FN:4,(anonymous_1)
FN:7,(anonymous_2)
FNF:2
FNH:0
FNDA:0,(anonymous_1)
FNDA:0,(anonymous_2)
DA:1,0
DA:3,0
DA:5,0
DA:8,0
LF:4
LH:0
BRF:0
BRH:0
end_of_record
TN:
SF:src/html/IndexFileCreator.ts
FN:9,(anonymous_11)
FN:44,(anonymous_12)
FN:12,_IndexFileCreator_buildIncludeBlock
FN:16,_IndexFileCreator_buildPluginInstallBlock
FN:24,(anonymous_15)
FN:34,_IndexFileCreator_buildStartBlock
FNF:6
FNH:6
FNDA:2,(anonymous_11)
FNDA:2,(anonymous_12)
FNDA:2,_IndexFileCreator_buildIncludeBlock
FNDA:2,_IndexFileCreator_buildPluginInstallBlock
FNDA:20,(anonymous_15)
FNDA:2,_IndexFileCreator_buildStartBlock
DA:2,1
DA:3,1
DA:4,1
DA:6,1
DA:7,2
DA:10,2
DA:12,1
DA:13,2
DA:14,2
DA:15,2
DA:18,2
DA:24,2
DA:25,20
DA:26,20
DA:28,2
DA:30,2
DA:31,2
DA:33,2
DA:36,2
DA:37,2
DA:42,2
DA:45,2
DA:46,2
DA:47,2
DA:48,2
DA:49,2
DA:50,2
DA:52,2
LF:28
LH:28
BRDA:26,0,0,8
BRDA:26,0,1,12
BRF:2
BRH:2
end_of_record
TN:
SF:src/openmct/OpenMctConfiguration.ts
FN:6,(anonymous_3)
FN:9,(anonymous_4)
FN:10,(anonymous_5)
FNF:3
FNH:3
FNDA:3,(anonymous_3)
FNDA:2,(anonymous_4)
FNDA:20,(anonymous_5)
DA:1,2
DA:4,2
DA:5,3
DA:7,3
DA:10,20
LF:5
LH:5
BRF:0
BRH:0
end_of_record
TN:
SF:src/openmct/OpenMctPlugin.ts
FN:7,(anonymous_2)
FN:12,(anonymous_3)
FN:16,(anonymous_4)
FNF:3
FNH:3
FNDA:20,(anonymous_2)
FNDA:20,(anonymous_3)
FNDA:20,(anonymous_4)
DA:3,2
DA:4,20
DA:5,20
DA:8,20
DA:9,20
DA:13,20
DA:17,20
LF:7
LH:7
BRF:0
BRH:0
end_of_record
TN:
SF:src/yaml/MctYamlConfigurator.ts
FN:17,(anonymous_12)
FN:23,(anonymous_13)
FN:32,_MctYamlConfigurator_loadAndNormalizeYaml
FN:37,(anonymous_15)
FN:46,_MctYamlConfigurator_normalizePlugins
FN:49,(anonymous_17)
FN:58,_MctYamlConfigurator_applyBaseConfiguration
FNF:7
FNH:7
FNDA:5,(anonymous_12)
FNDA:5,(anonymous_13)
FNDA:8,_MctYamlConfigurator_loadAndNormalizeYaml
FNDA:1,(anonymous_15)
FNDA:6,_MctYamlConfigurator_normalizePlugins
FNDA:30,(anonymous_17)
FNDA:3,_MctYamlConfigurator_applyBaseConfiguration
DA:1,2
DA:2,2
DA:3,2
DA:5,2
DA:6,2
DA:7,2
DA:9,2
DA:10,2
DA:12,2
DA:13,5
DA:14,5
DA:15,5
DA:18,5
DA:19,5
DA:20,5
DA:24,5
DA:25,3
DA:27,3
DA:29,3
DA:32,2
DA:33,8
DA:35,7
DA:36,7
DA:37,1
DA:38,1
DA:40,1
DA:43,6
DA:45,6
DA:49,6
DA:50,30
DA:51,18
DA:53,12
DA:54,12
DA:56,30
DA:61,3
DA:62,3
DA:64,3
LF:37
LH:37
BRDA:36,0,0,1
BRDA:36,0,1,6
BRDA:50,1,0,18
BRDA:50,1,1,12
BRF:4
BRH:4
end_of_record
